Using pre-set license
Built from '2020.3/staging' branch; Version is '2020.3.18f1 (a7d1c678663c) revision 10998214'; Using compiler version '192528614'; Build Type 'Release'
OS: 'Windows 10 Pro; OS build 19042.1348; Version 2009; 64bit' Language: 'en' Physical Memory: 3484 MB
BatchMode: 1, IsHumanControllingUs: 0, StartBugReporterOnCrash: 0, Is64bit: 1, IsPro: 0

COMMAND LINE ARGUMENTS:
C:\Program Files\Unity\Hub\Editor\2020.3.18f1\Editor\Unity.exe
-adb2
-batchMode
-noUpm
-name
AssetImportWorker1
-projectPath
E:/Unity/utsgamepro
-logFile
Logs/AssetImportWorker1.log
-srvPort
55418
Successfully changed project path to: E:/Unity/utsgamepro
E:/Unity/utsgamepro
Using Asset Import Pipeline V2.
Refreshing native plugins compatible for Editor in 121.01 ms, found 3 plugins.
Preloading 0 native plugins for Editor in 0.00 ms.
Initialize engine version: 2020.3.18f1 (a7d1c678663c)
[Subsystems] Discovering subsystems at path C:/Program Files/Unity/Hub/Editor/2020.3.18f1/Editor/Data/Resources/UnitySubsystems
[Subsystems] Discovering subsystems at path E:/Unity/utsgamepro/Assets
GfxDevice: creating device client; threaded=0
Direct3D:
    Version:  Direct3D 11.0 [level 11.1]
    Renderer: Radeon 530 Series (ID=0x6900)
    Vendor:   
    VRAM:     2039 MB
    Driver:   27.20.1034.6
Initialize mono
Mono path[0] = 'C:/Program Files/Unity/Hub/Editor/2020.3.18f1/Editor/Data/Managed'
Mono path[1] = 'C:/Program Files/Unity/Hub/Editor/2020.3.18f1/Editor/Data/MonoBleedingEdge/lib/mono/unityjit'
Mono config path = 'C:/Program Files/Unity/Hub/Editor/2020.3.18f1/Editor/Data/MonoBleedingEdge/etc'
Using monoOptions --debugger-agent=transport=dt_socket,embedding=1,server=y,suspend=n,address=127.0.0.1:56964
Begin MonoManager ReloadAssembly
Registering precompiled unity dll's ...
Register platform support module: C:/Program Files/Unity/Hub/Editor/2020.3.18f1/Editor/Data/PlaybackEngines/WebGLSupport/UnityEditor.WebGL.Extensions.dll
Register platform support module: C:/Program Files/Unity/Hub/Editor/2020.3.18f1/Editor/Data/PlaybackEngines/WindowsStandaloneSupport/UnityEditor.WindowsStandalone.Extensions.dll
Registered in 0.008146 seconds.
Native extension for WindowsStandalone target not found
Native extension for WebGL target not found
Refreshing native plugins compatible for Editor in 124.31 ms, found 3 plugins.
Preloading 0 native plugins for Editor in 0.00 ms.
Mono: successfully reloaded assembly
- Completed reload, in  3.734 seconds
Domain Reload Profiling:
	ReloadAssembly (3735ms)
		BeginReloadAssembly (180ms)
			ExecutionOrderSort (0ms)
			DisableScriptedObjects (0ms)
			BackupInstance (0ms)
			ReleaseScriptingObjects (0ms)
			CreateAndSetChildDomain (2ms)
		EndReloadAssembly (1239ms)
			LoadAssemblies (173ms)
			RebuildTransferFunctionScriptingTraits (0ms)
			SetupTypeCache (505ms)
			ReleaseScriptCaches (0ms)
			RebuildScriptCaches (79ms)
			SetupLoadedEditorAssemblies (477ms)
				LogAssemblyErrors (0ms)
				InitializePlatformSupportModulesInManaged (13ms)
				SetLoadedEditorAssemblies (1ms)
				RefreshPlugins (124ms)
				BeforeProcessingInitializeOnLoad (27ms)
				ProcessInitializeOnLoadAttributes (223ms)
				ProcessInitializeOnLoadMethodAttributes (88ms)
				AfterProcessingInitializeOnLoad (0ms)
				EditorAssembliesLoaded (0ms)
			ExecutionOrderSort2 (0ms)
			AwakeInstancesAfterBackupRestoration (0ms)
Platform modules already initialized, skipping
Registering precompiled user dll's ...
Registered in 0.005915 seconds.
Begin MonoManager ReloadAssembly
Native extension for WindowsStandalone target not found
Native extension for WebGL target not found
Refreshing native plugins compatible for Editor in 113.78 ms, found 3 plugins.
Preloading 0 native plugins for Editor in 0.00 ms.
Mono: successfully reloaded assembly
- Completed reload, in  3.279 seconds
Domain Reload Profiling:
	ReloadAssembly (3282ms)
		BeginReloadAssembly (454ms)
			ExecutionOrderSort (0ms)
			DisableScriptedObjects (14ms)
			BackupInstance (0ms)
			ReleaseScriptingObjects (0ms)
			CreateAndSetChildDomain (56ms)
		EndReloadAssembly (2636ms)
			LoadAssemblies (273ms)
			RebuildTransferFunctionScriptingTraits (0ms)
			SetupTypeCache (949ms)
			ReleaseScriptCaches (1ms)
			RebuildScriptCaches (138ms)
			SetupLoadedEditorAssemblies (958ms)
				LogAssemblyErrors (0ms)
				InitializePlatformSupportModulesInManaged (14ms)
				SetLoadedEditorAssemblies (0ms)
				RefreshPlugins (114ms)
				BeforeProcessingInitializeOnLoad (196ms)
				ProcessInitializeOnLoadAttributes (574ms)
				ProcessInitializeOnLoadMethodAttributes (37ms)
				AfterProcessingInitializeOnLoad (23ms)
				EditorAssembliesLoaded (0ms)
			ExecutionOrderSort2 (0ms)
			AwakeInstancesAfterBackupRestoration (23ms)
Platform modules already initialized, skipping
========================================================================
Worker process is ready to serve import requests
Launched and connected shader compiler UnityShaderCompiler.exe after 0.36 seconds
Refreshing native plugins compatible for Editor in 1.13 ms, found 3 plugins.
Preloading 0 native plugins for Editor in 0.00 ms.
Unloading 2134 Unused Serialized files (Serialized files now loaded: 0)
System memory in use before: 94.2 MB.
System memory in use after: 94.3 MB.

Unloading 26 unused Assets to reduce memory usage. Loaded Objects now: 2574.
Total: 8.349700 ms (FindLiveObjects: 0.463500 ms CreateObjectMapping: 0.116200 ms MarkObjects: 7.582100 ms  DeleteObjects: 0.184800 ms)

AssetImportParameters requested are different than current active one (requested -> active):
  custom:framework-win-MediaFoundation: 216162199b28c13a410421893ffa2e32 -> 
  custom:video-decoder-ogg-theora: a1e56fd34408186e4bbccfd4996cb3dc -> 
  custom:container-muxer-webm: aa71ff27fc2769a1b78a27578f13a17b -> 
  custom:container-demuxer-webm: 4f35f7cbe854078d1ac9338744f61a02 -> 
  custom:container-demuxer-ogg: 62fdf1f143b41e24485cea50d1cbac27 -> 
  custom:video-encoder-webm-vp8: eb34c28f22e8b96e1ab97ce403110664 -> 
  custom:video-decoder-webm-vp8: 9c59270c3fd7afecdb556c50c9e8de78 -> 
  custom:audio-decoder-ogg-vorbis: bf7c407c2cedff20999df2af8eb42d56 -> 
  custom:audio-encoder-webm-vorbis: bf7c407c2cedff20999df2af8eb42d56 -> 
========================================================================
Received Import Request.
  path: Assets/Images/bgplay.jpg
  artifactKey: Guid(7bec815f3cd540e409be5e1e5846a020) Importer(815301076,1909f56bfc062723c751e8b465ee728b)
Start importing Assets/Images/bgplay.jpg using Guid(7bec815f3cd540e409be5e1e5846a020) Importer(815301076,1909f56bfc062723c751e8b465ee728b)  -> (artifact id: '00000000000000000000000000000000') in 8.464149 seconds  code(4) message(Build asset version error: assets/images/bgplay.jpg in SourceAssetDB has modification time of '2021-11-15T18:40:43.9143308Z' while content on disk has modification time of '0001-01-01T00:00:00Z' with error code 2
Stacktrace:
0x00007ff63a6d48bc (Unity) StackWalker::GetCurrentCallstack
0x00007ff63a6dcf59 (Unity) StackWalker::ShowCallstack
0x00007ff63bbfbe7c (Unity) GetStacktrace
0x00007ff63bddf117 (Unity) GetAssetHashAndValidate
0x00007ff63bdda2e3 (Unity) AssetVersionBuilder::BuildHashOfSourceAssetArray
0x00007ff63bdd8252 (Unity) AssetVersionBuilder::BuildAssetVersion
0x00007ff63bdb26cd (Unity) CreateAssetVersionBuilder
0x00007ff63bdb93cd (Unity) ImportToObjects
0x00007ff63bdb81e8 (Unity) ImportAsset
0x00007ff63bd19ff8 (Unity) AssetImportWorker::Import
0x00007ff63bd6d38a (Unity) <lambda_7448d646502792db0127dc89657ec83e>::operator()
0x00007ff63be11612 (Unity) asio::detail::completion_handler<core::mutable_function<void __cdecl(void)> >::do_complete
0x00007ff63be13770 (Unity) asio::detail::win_iocp_io_service::do_one
0x00007ff63be16efe (Unity) asio::io_service::run
0x00007ff63bd9a13b (Unity) RunAssetImportWorkerClientV2
0x00007ff63bd9a190 (Unity) RunAssetImporterV2
0x00007ff63b261596 (Unity) Application::InitializeProject
0x00007ff63bc093e2 (Unity) WinMain
0x00007ff63da5bf46 (Unity) __scrt_common_main_seh
0x00007ff85dff7034 (KERNEL32) BaseThreadInitThunk
0x00007ff85ef22651 (ntdll) RtlUserThreadStart
)
  ERROR: Build asset version error: assets/images/bgplay.jpg in SourceAssetDB has modification time of '2021-11-15T18:40:43.9143308Z' while content on disk has modification time of '0001-01-01T00:00:00Z' with error code 2
Stacktrace:
0x00007ff63a6d48bc (Unity) StackWalker::GetCurrentCallstack
0x00007ff63a6dcf59 (Unity) StackWalker::ShowCallstack
0x00007ff63bbfbe7c (Unity) GetStacktrace
0x00007ff63bddf117 (Unity) GetAssetHashAndValidate
0x00007ff63bdda2e3 (Unity) AssetVersionBuilder::BuildHashOfSourceAssetArray
0x00007ff63bdd8252 (Unity) AssetVersionBuilder::BuildAssetVersion
0x00007ff63bdb26cd (Unity) CreateAssetVersionBuilder
0x00007ff63bdb93cd (Unity) ImportToObjects
0x00007ff63bdb81e8 (Unity) ImportAsset
0x00007ff63bd19ff8 (Unity) AssetImportWorker::Import
0x00007ff63bd6d38a (Unity) <lambda_7448d646502792db0127dc89657ec83e>::operator()
0x00007ff63be11612 (Unity) asio::detail::completion_handler<core::mutable_function<void __cdecl(void)> >::do_complete
0x00007ff63be13770 (Unity) asio::detail::win_iocp_io_service::do_one
0x00007ff63be16efe (Unity) asio::io_service::run
0x00007ff63bd9a13b (Unity) RunAssetImportWorkerClientV2
0x00007ff63bd9a190 (Unity) RunAssetImporterV2
0x00007ff63b261596 (Unity) Application::InitializeProject
0x00007ff63bc093e2 (Unity) WinMain
0x00007ff63da5bf46 (Unity) __scrt_common_main_seh
0x00007ff85dff7034 (KERNEL32) BaseThreadInitThunk
0x00007ff85ef22651 (ntdll) RtlUserThreadStart

  Import took 8.472036 seconds .

========================================================================
Received Prepare
Registering precompiled user dll's ...
Registered in 0.937372 seconds.
Begin MonoManager ReloadAssembly
Native extension for WindowsStandalone target not found
Native extension for WebGL target not found
Refreshing native plugins compatible for Editor in 1.64 ms, found 3 plugins.
Preloading 0 native plugins for Editor in 0.00 ms.
Mono: successfully reloaded assembly
- Completed reload, in 10.982 seconds
Domain Reload Profiling:
	ReloadAssembly (11104ms)
		BeginReloadAssembly (4705ms)
			ExecutionOrderSort (0ms)
			DisableScriptedObjects (831ms)
			BackupInstance (0ms)
			ReleaseScriptingObjects (24ms)
			CreateAndSetChildDomain (1757ms)
		EndReloadAssembly (5959ms)
			LoadAssemblies (2009ms)
			RebuildTransferFunctionScriptingTraits (0ms)
			SetupTypeCache (1134ms)
			ReleaseScriptCaches (4ms)
			RebuildScriptCaches (154ms)
			SetupLoadedEditorAssemblies (1818ms)
				LogAssemblyErrors (0ms)
				InitializePlatformSupportModulesInManaged (56ms)
				SetLoadedEditorAssemblies (21ms)
				RefreshPlugins (2ms)
				BeforeProcessingInitializeOnLoad (339ms)
				ProcessInitializeOnLoadAttributes (1354ms)
				ProcessInitializeOnLoadMethodAttributes (17ms)
				AfterProcessingInitializeOnLoad (27ms)
				EditorAssembliesLoaded (1ms)
			ExecutionOrderSort2 (0ms)
			AwakeInstancesAfterBackupRestoration (79ms)
Platform modules already initialized, skipping
Refreshing native plugins compatible for Editor in 1.47 ms, found 3 plugins.
Preloading 0 native plugins for Editor in 0.00 ms.
Unloading 2124 Unused Serialized files (Serialized files now loaded: 0)
System memory in use before: 96.6 MB.
System memory in use after: 96.7 MB.

Unloading 14 unused Assets to reduce memory usage. Loaded Objects now: 2583.
Total: 382.254200 ms (FindLiveObjects: 1.981200 ms CreateObjectMapping: 0.532600 ms MarkObjects: 379.657700 ms  DeleteObjects: 0.076500 ms)

AssetImportParameters requested are different than current active one (requested -> active):
  custom:framework-win-MediaFoundation: 216162199b28c13a410421893ffa2e32 -> 
  custom:video-decoder-ogg-theora: a1e56fd34408186e4bbccfd4996cb3dc -> 
  custom:container-muxer-webm: aa71ff27fc2769a1b78a27578f13a17b -> 
  custom:container-demuxer-webm: 4f35f7cbe854078d1ac9338744f61a02 -> 
  custom:container-demuxer-ogg: 62fdf1f143b41e24485cea50d1cbac27 -> 
  custom:video-encoder-webm-vp8: eb34c28f22e8b96e1ab97ce403110664 -> 
  custom:video-decoder-webm-vp8: 9c59270c3fd7afecdb556c50c9e8de78 -> 
  custom:audio-decoder-ogg-vorbis: bf7c407c2cedff20999df2af8eb42d56 -> 
  custom:audio-encoder-webm-vorbis: bf7c407c2cedff20999df2af8eb42d56 -> 
========================================================================
Received Import Request.
  Time since last request: 1137.142736 seconds.
  path: Assets/Scenes/Play 2.unity
  artifactKey: Guid(731da1feb64839444862828a1ffcd5a1) Importer(815301076,1909f56bfc062723c751e8b465ee728b)
Start importing Assets/Scenes/Play 2.unity using Guid(731da1feb64839444862828a1ffcd5a1) Importer(815301076,1909f56bfc062723c751e8b465ee728b)  -> (artifact id: '7f9e62b6b0ded053271484263539cdc0') in 0.283964 seconds 
  Import took 0.398799 seconds .

========================================================================
Received Import Request.
  Time since last request: 7.781009 seconds.
  path: Assets/Scenes/Finish.unity
  artifactKey: Guid(731da1feb64839444862828a1ffcd5a1) Importer(815301076,1909f56bfc062723c751e8b465ee728b)
Start importing Assets/Scenes/Finish.unity using Guid(731da1feb64839444862828a1ffcd5a1) Importer(815301076,1909f56bfc062723c751e8b465ee728b)  -> (artifact id: '46be925d21b47f41194cb51e1912b549') in 0.076712 seconds 
  Import took 0.092049 seconds .

========================================================================
Received Import Request.
  Time since last request: 101.452245 seconds.
  path: Assets/Scenes/Play Again.unity
  artifactKey: Guid(6ac6c89060cadad4dae9ab51496b3234) Importer(815301076,1909f56bfc062723c751e8b465ee728b)
Start importing Assets/Scenes/Play Again.unity using Guid(6ac6c89060cadad4dae9ab51496b3234) Importer(815301076,1909f56bfc062723c751e8b465ee728b)  -> (artifact id: '6cf494b9a3ad2044bdcde2186c6765fc') in 0.099677 seconds 
  Import took 0.175188 seconds .

========================================================================
Received Import Request.
  Time since last request: 34.454251 seconds.
  path: Assets/Scenes/Finish.unity
  artifactKey: Guid(731da1feb64839444862828a1ffcd5a1) Importer(815301076,1909f56bfc062723c751e8b465ee728b)
Start importing Assets/Scenes/Finish.unity using Guid(731da1feb64839444862828a1ffcd5a1) Importer(815301076,1909f56bfc062723c751e8b465ee728b)  -> (artifact id: '754ae0585a09b9df1513c60641dbd218') in 0.014456 seconds 
  Import took 0.049794 seconds .

========================================================================
Received Import Request.
  Time since last request: 300.566972 seconds.
  path: Assets/Scenes/Finish.unity
  artifactKey: Guid(731da1feb64839444862828a1ffcd5a1) Importer(815301076,1909f56bfc062723c751e8b465ee728b)
Start importing Assets/Scenes/Finish.unity using Guid(731da1feb64839444862828a1ffcd5a1) Importer(815301076,1909f56bfc062723c751e8b465ee728b)  -> (artifact id: 'ece5ef9f9c39810124080549fca85f13') in 0.014467 seconds 
  Import took 0.057496 seconds .

========================================================================
Received Import Request.
  Time since last request: 79.408720 seconds.
  path: Assets/Scenes/Play.unity
  artifactKey: Guid(205cfcae37189904c903e1acb37ff715) Importer(815301076,1909f56bfc062723c751e8b465ee728b)
Start importing Assets/Scenes/Play.unity using Guid(205cfcae37189904c903e1acb37ff715) Importer(815301076,1909f56bfc062723c751e8b465ee728b)  -> (artifact id: '899963864bb59229efbf7f60a5851791') in 0.103221 seconds 
  Import took 0.203059 seconds .

========================================================================
Received Import Request.
  Time since last request: 1505.469146 seconds.
  path: Assets/Images/bgputih.jpg
  artifactKey: Guid(f163e487458c4ea44a43cd5205577ddc) Importer(815301076,1909f56bfc062723c751e8b465ee728b)
Start importing Assets/Images/bgputih.jpg using Guid(f163e487458c4ea44a43cd5205577ddc) Importer(815301076,1909f56bfc062723c751e8b465ee728b)  -> (artifact id: '3627bd0d54e3c9716ce2e11be17182b5') in 4.998801 seconds 
  Import took 5.082406 seconds .

========================================================================
Received Import Request.
  Time since last request: 52.063481 seconds.
  path: Assets/Images/bghijau.jpg
  artifactKey: Guid(e91b089948314bf4c813d6b44f66490b) Importer(815301076,1909f56bfc062723c751e8b465ee728b)
Start importing Assets/Images/bghijau.jpg using Guid(e91b089948314bf4c813d6b44f66490b) Importer(815301076,1909f56bfc062723c751e8b465ee728b)  -> (artifact id: '17f9266bd5aced2c1f984db4acb7c70c') in 0.198788 seconds 
  Import took 0.278782 seconds .

========================================================================
Received Import Request.
  Time since last request: 1179.324776 seconds.
  path: Assets/Scenes/About.unity
  artifactKey: Guid(1ec7ac6a443ef614fae85558cc688616) Importer(815301076,1909f56bfc062723c751e8b465ee728b)
Start importing Assets/Scenes/About.unity using Guid(1ec7ac6a443ef614fae85558cc688616) Importer(815301076,1909f56bfc062723c751e8b465ee728b)  -> (artifact id: '7541b805078c4186e2f70e1a6f76da2d') in 0.621170 seconds 
  Import took 0.634920 seconds .

========================================================================
Received Import Request.
  Time since last request: 119.355227 seconds.
  path: Assets/Images/kisspng-facebook-logo-social-media-computer-icons-icon-facebook-drawing-5ab02fb70b9ad5.9813355115214959910475.png
  artifactKey: Guid(f746cfc6f5ee4674fb97d42315be6f4e) Importer(815301076,1909f56bfc062723c751e8b465ee728b)
Start importing Assets/Images/kisspng-facebook-logo-social-media-computer-icons-icon-facebook-drawing-5ab02fb70b9ad5.9813355115214959910475.png using Guid(f746cfc6f5ee4674fb97d42315be6f4e) Importer(815301076,1909f56bfc062723c751e8b465ee728b)  -> (artifact id: 'edd1f33c1f3f6e90fe66511a5d284534') in 1.687865 seconds 
  Import took 1.729808 seconds .

========================================================================
Received Import Request.
  Time since last request: 0.000296 seconds.
  path: Assets/Images/kisspng-logo-cinars-clip-art-logo-instagram-5ac76d35f15437.1729241515230190619885.png
  artifactKey: Guid(e760e3caff1598c44a0850e1d7022779) Importer(815301076,1909f56bfc062723c751e8b465ee728b)
Start importing Assets/Images/kisspng-logo-cinars-clip-art-logo-instagram-5ac76d35f15437.1729241515230190619885.png using Guid(e760e3caff1598c44a0850e1d7022779) Importer(815301076,1909f56bfc062723c751e8b465ee728b)  -> (artifact id: '2e34d17a4495409dd0613990445004de') in 0.607668 seconds 
  Import took 0.612971 seconds .

========================================================================
Received Import Request.
  Time since last request: 81.916942 seconds.
  path: Assets/Images/kisspng-insect-lawn-computer-font-punaise-des-crales-5b14ae5e5cb442.3748331315280820143797.png
  artifactKey: Guid(8ffc38c66b946174a962ccb2fab5a6cf) Importer(815301076,1909f56bfc062723c751e8b465ee728b)
Start importing Assets/Images/kisspng-insect-lawn-computer-font-punaise-des-crales-5b14ae5e5cb442.3748331315280820143797.png using Guid(8ffc38c66b946174a962ccb2fab5a6cf) Importer(815301076,1909f56bfc062723c751e8b465ee728b)  -> (artifact id: '336612813db2b0c60238c087f6b56e44') in 0.456007 seconds 
  Import took 0.490723 seconds .

========================================================================
Received Import Request.
  Time since last request: 0.000241 seconds.
  path: Assets/Images/kisspng-portable-network-graphics-image-design-adobe-photo-5c4a79ad89c017.8827071015483846855642.png
  artifactKey: Guid(04c3b0a69add36648a4f7b848be23c74) Importer(815301076,1909f56bfc062723c751e8b465ee728b)
Start importing Assets/Images/kisspng-portable-network-graphics-image-design-adobe-photo-5c4a79ad89c017.8827071015483846855642.png using Guid(04c3b0a69add36648a4f7b848be23c74) Importer(815301076,1909f56bfc062723c751e8b465ee728b)  -> (artifact id: 'bc2f00d7102acd6a9d6c3101d7448dfe') in 0.152865 seconds 
  Import took 0.196085 seconds .

========================================================================
Received Import Request.
  Time since last request: 159.574291 seconds.
  path: Assets/Scenes/Play.unity
  artifactKey: Guid(205cfcae37189904c903e1acb37ff715) Importer(815301076,1909f56bfc062723c751e8b465ee728b)
Start importing Assets/Scenes/Play.unity using Guid(205cfcae37189904c903e1acb37ff715) Importer(815301076,1909f56bfc062723c751e8b465ee728b)  -> (artifact id: '0d860c603207efceef1ca218b68ab2d7') in 0.014443 seconds 
  Import took 0.132967 seconds .

========================================================================
Received Import Request.
  Time since last request: 300.970292 seconds.
  path: Assets/Scenes/Help.unity
  artifactKey: Guid(53c0c35f15ea4f841ab30ff48aaa2277) Importer(815301076,1909f56bfc062723c751e8b465ee728b)
Start importing Assets/Scenes/Help.unity using Guid(53c0c35f15ea4f841ab30ff48aaa2277) Importer(815301076,1909f56bfc062723c751e8b465ee728b)  -> (artifact id: '2784c84df8fac8116e624cdda26c5239') in 0.045846 seconds 
  Import took 0.100064 seconds .

========================================================================
Received Prepare
Registering precompiled user dll's ...
Registered in 0.004411 seconds.
Begin MonoManager ReloadAssembly
Native extension for WindowsStandalone target not found
Native extension for WebGL target not found
Refreshing native plugins compatible for Editor in 20.72 ms, found 3 plugins.
Preloading 0 native plugins for Editor in 0.00 ms.
Mono: successfully reloaded assembly
- Completed reload, in 19.938 seconds
Domain Reload Profiling:
	ReloadAssembly (20208ms)
		BeginReloadAssembly (11278ms)
			ExecutionOrderSort (0ms)
			DisableScriptedObjects (2130ms)
			BackupInstance (0ms)
			ReleaseScriptingObjects (0ms)
			CreateAndSetChildDomain (6620ms)
		EndReloadAssembly (8264ms)
			LoadAssemblies (2554ms)
			RebuildTransferFunctionScriptingTraits (137ms)
			SetupTypeCache (1734ms)
			ReleaseScriptCaches (16ms)
			RebuildScriptCaches (124ms)
			SetupLoadedEditorAssemblies (3142ms)
				LogAssemblyErrors (0ms)
				InitializePlatformSupportModulesInManaged (184ms)
				SetLoadedEditorAssemblies (25ms)
				RefreshPlugins (21ms)
				BeforeProcessingInitializeOnLoad (247ms)
				ProcessInitializeOnLoadAttributes (2639ms)
				ProcessInitializeOnLoadMethodAttributes (11ms)
				AfterProcessingInitializeOnLoad (16ms)
				EditorAssembliesLoaded (0ms)
			ExecutionOrderSort2 (0ms)
			AwakeInstancesAfterBackupRestoration (166ms)
Platform modules already initialized, skipping
Refreshing native plugins compatible for Editor in 0.69 ms, found 3 plugins.
Preloading 0 native plugins for Editor in 0.00 ms.
Unloading 2124 Unused Serialized files (Serialized files now loaded: 0)
System memory in use before: 96.7 MB.
System memory in use after: 96.8 MB.

Unloading 14 unused Assets to reduce memory usage. Loaded Objects now: 2591.
Total: 8.524700 ms (FindLiveObjects: 0.317900 ms CreateObjectMapping: 0.069100 ms MarkObjects: 8.099700 ms  DeleteObjects: 0.034900 ms)

AssetImportParameters requested are different than current active one (requested -> active):
  custom:framework-win-MediaFoundation: 216162199b28c13a410421893ffa2e32 -> 
  custom:video-decoder-ogg-theora: a1e56fd34408186e4bbccfd4996cb3dc -> 
  custom:container-muxer-webm: aa71ff27fc2769a1b78a27578f13a17b -> 
  custom:container-demuxer-webm: 4f35f7cbe854078d1ac9338744f61a02 -> 
  custom:container-demuxer-ogg: 62fdf1f143b41e24485cea50d1cbac27 -> 
  custom:video-encoder-webm-vp8: eb34c28f22e8b96e1ab97ce403110664 -> 
  custom:video-decoder-webm-vp8: 9c59270c3fd7afecdb556c50c9e8de78 -> 
  custom:audio-decoder-ogg-vorbis: bf7c407c2cedff20999df2af8eb42d56 -> 
  custom:audio-encoder-webm-vorbis: bf7c407c2cedff20999df2af8eb42d56 -> 
========================================================================
Received Prepare
Registering precompiled user dll's ...
Registered in 0.094959 seconds.
Begin MonoManager ReloadAssembly
Native extension for WindowsStandalone target not found
Native extension for WebGL target not found
Refreshing native plugins compatible for Editor in 1.11 ms, found 3 plugins.
Preloading 0 native plugins for Editor in 0.00 ms.
Mono: successfully reloaded assembly
- Completed reload, in  4.907 seconds
Domain Reload Profiling:
	ReloadAssembly (4907ms)
		BeginReloadAssembly (567ms)
			ExecutionOrderSort (0ms)
			DisableScriptedObjects (73ms)
			BackupInstance (0ms)
			ReleaseScriptingObjects (0ms)
			CreateAndSetChildDomain (95ms)
		EndReloadAssembly (4141ms)
			LoadAssemblies (1282ms)
			RebuildTransferFunctionScriptingTraits (0ms)
			SetupTypeCache (917ms)
			ReleaseScriptCaches (3ms)
			RebuildScriptCaches (135ms)
			SetupLoadedEditorAssemblies (1524ms)
				LogAssemblyErrors (0ms)
				InitializePlatformSupportModulesInManaged (16ms)
				SetLoadedEditorAssemblies (1ms)
				RefreshPlugins (1ms)
				BeforeProcessingInitializeOnLoad (164ms)
				ProcessInitializeOnLoadAttributes (1302ms)
				ProcessInitializeOnLoadMethodAttributes (18ms)
				AfterProcessingInitializeOnLoad (21ms)
				EditorAssembliesLoaded (1ms)
			ExecutionOrderSort2 (0ms)
			AwakeInstancesAfterBackupRestoration (30ms)
Platform modules already initialized, skipping
Refreshing native plugins compatible for Editor in 0.83 ms, found 3 plugins.
Preloading 0 native plugins for Editor in 0.00 ms.
Unloading 2124 Unused Serialized files (Serialized files now loaded: 0)
System memory in use before: 96.7 MB.
System memory in use after: 96.8 MB.

Unloading 14 unused Assets to reduce memory usage. Loaded Objects now: 2594.
Total: 10.468500 ms (FindLiveObjects: 0.639900 ms CreateObjectMapping: 0.479800 ms MarkObjects: 8.246400 ms  DeleteObjects: 1.099100 ms)

AssetImportParameters requested are different than current active one (requested -> active):
  custom:framework-win-MediaFoundation: 216162199b28c13a410421893ffa2e32 -> 
  custom:video-decoder-ogg-theora: a1e56fd34408186e4bbccfd4996cb3dc -> 
  custom:container-muxer-webm: aa71ff27fc2769a1b78a27578f13a17b -> 
  custom:container-demuxer-webm: 4f35f7cbe854078d1ac9338744f61a02 -> 
  custom:container-demuxer-ogg: 62fdf1f143b41e24485cea50d1cbac27 -> 
  custom:video-encoder-webm-vp8: eb34c28f22e8b96e1ab97ce403110664 -> 
  custom:video-decoder-webm-vp8: 9c59270c3fd7afecdb556c50c9e8de78 -> 
  custom:audio-decoder-ogg-vorbis: bf7c407c2cedff20999df2af8eb42d56 -> 
  custom:audio-encoder-webm-vorbis: bf7c407c2cedff20999df2af8eb42d56 -> 
========================================================================
Received Import Request.
  Time since last request: 634.337399 seconds.
  path: Assets/Scenes/Play.unity
  artifactKey: Guid(205cfcae37189904c903e1acb37ff715) Importer(815301076,1909f56bfc062723c751e8b465ee728b)
Start importing Assets/Scenes/Play.unity using Guid(205cfcae37189904c903e1acb37ff715) Importer(815301076,1909f56bfc062723c751e8b465ee728b)  -> (artifact id: 'a1c2120ceb9148f27957c19f9f816d89') in 0.462894 seconds 
  Import took 0.633912 seconds .

========================================================================
Received Prepare
Registering precompiled user dll's ...
Registered in 0.004274 seconds.
Begin MonoManager ReloadAssembly
Native extension for WindowsStandalone target not found
Native extension for WebGL target not found
Refreshing native plugins compatible for Editor in 0.95 ms, found 3 plugins.
Preloading 0 native plugins for Editor in 0.00 ms.
Mono: successfully reloaded assembly
- Completed reload, in  2.409 seconds
Domain Reload Profiling:
	ReloadAssembly (2409ms)
		BeginReloadAssembly (241ms)
			ExecutionOrderSort (0ms)
			DisableScriptedObjects (11ms)
			BackupInstance (0ms)
			ReleaseScriptingObjects (0ms)
			CreateAndSetChildDomain (97ms)
		EndReloadAssembly (2019ms)
			LoadAssemblies (175ms)
			RebuildTransferFunctionScriptingTraits (0ms)
			SetupTypeCache (812ms)
			ReleaseScriptCaches (1ms)
			RebuildScriptCaches (72ms)
			SetupLoadedEditorAssemblies (671ms)
				LogAssemblyErrors (0ms)
				InitializePlatformSupportModulesInManaged (12ms)
				SetLoadedEditorAssemblies (1ms)
				RefreshPlugins (1ms)
				BeforeProcessingInitializeOnLoad (139ms)
				ProcessInitializeOnLoadAttributes (465ms)
				ProcessInitializeOnLoadMethodAttributes (22ms)
				AfterProcessingInitializeOnLoad (32ms)
				EditorAssembliesLoaded (0ms)
			ExecutionOrderSort2 (0ms)
			AwakeInstancesAfterBackupRestoration (29ms)
Platform modules already initialized, skipping
Refreshing native plugins compatible for Editor in 0.66 ms, found 3 plugins.
Preloading 0 native plugins for Editor in 0.00 ms.
Unloading 2124 Unused Serialized files (Serialized files now loaded: 0)
System memory in use before: 96.7 MB.
System memory in use after: 96.9 MB.

Unloading 14 unused Assets to reduce memory usage. Loaded Objects now: 2597.
Total: 17.143000 ms (FindLiveObjects: 0.426700 ms CreateObjectMapping: 0.102900 ms MarkObjects: 6.122200 ms  DeleteObjects: 10.488600 ms)

AssetImportParameters requested are different than current active one (requested -> active):
  custom:framework-win-MediaFoundation: 216162199b28c13a410421893ffa2e32 -> 
  custom:video-decoder-ogg-theora: a1e56fd34408186e4bbccfd4996cb3dc -> 
  custom:container-muxer-webm: aa71ff27fc2769a1b78a27578f13a17b -> 
  custom:container-demuxer-webm: 4f35f7cbe854078d1ac9338744f61a02 -> 
  custom:container-demuxer-ogg: 62fdf1f143b41e24485cea50d1cbac27 -> 
  custom:video-encoder-webm-vp8: eb34c28f22e8b96e1ab97ce403110664 -> 
  custom:video-decoder-webm-vp8: 9c59270c3fd7afecdb556c50c9e8de78 -> 
  custom:audio-decoder-ogg-vorbis: bf7c407c2cedff20999df2af8eb42d56 -> 
  custom:audio-encoder-webm-vorbis: bf7c407c2cedff20999df2af8eb42d56 -> 
========================================================================
Received Prepare
Registering precompiled user dll's ...
Registered in 0.004634 seconds.
Begin MonoManager ReloadAssembly
Native extension for WindowsStandalone target not found
Native extension for WebGL target not found
Refreshing native plugins compatible for Editor in 0.82 ms, found 3 plugins.
Preloading 0 native plugins for Editor in 0.00 ms.
Mono: successfully reloaded assembly
- Completed reload, in  2.126 seconds
Domain Reload Profiling:
	ReloadAssembly (2126ms)
		BeginReloadAssembly (280ms)
			ExecutionOrderSort (0ms)
			DisableScriptedObjects (11ms)
			BackupInstance (0ms)
			ReleaseScriptingObjects (0ms)
			CreateAndSetChildDomain (74ms)
		EndReloadAssembly (1721ms)
			LoadAssemblies (180ms)
			RebuildTransferFunctionScriptingTraits (0ms)
			SetupTypeCache (522ms)
			ReleaseScriptCaches (2ms)
			RebuildScriptCaches (122ms)
			SetupLoadedEditorAssemblies (579ms)
				LogAssemblyErrors (0ms)
				InitializePlatformSupportModulesInManaged (13ms)
				SetLoadedEditorAssemblies (1ms)
				RefreshPlugins (1ms)
				BeforeProcessingInitializeOnLoad (111ms)
				ProcessInitializeOnLoadAttributes (426ms)
				ProcessInitializeOnLoadMethodAttributes (11ms)
				AfterProcessingInitializeOnLoad (15ms)
				EditorAssembliesLoaded (0ms)
			ExecutionOrderSort2 (0ms)
			AwakeInstancesAfterBackupRestoration (39ms)
Platform modules already initialized, skipping
Refreshing native plugins compatible for Editor in 0.84 ms, found 3 plugins.
Preloading 0 native plugins for Editor in 0.00 ms.
Unloading 2124 Unused Serialized files (Serialized files now loaded: 0)
System memory in use before: 96.7 MB.
System memory in use after: 96.9 MB.

Unloading 14 unused Assets to reduce memory usage. Loaded Objects now: 2600.
Total: 4.953500 ms (FindLiveObjects: 0.443200 ms CreateObjectMapping: 0.113900 ms MarkObjects: 4.284400 ms  DeleteObjects: 0.109600 ms)

AssetImportParameters requested are different than current active one (requested -> active):
  custom:framework-win-MediaFoundation: 216162199b28c13a410421893ffa2e32 -> 
  custom:video-decoder-ogg-theora: a1e56fd34408186e4bbccfd4996cb3dc -> 
  custom:container-muxer-webm: aa71ff27fc2769a1b78a27578f13a17b -> 
  custom:container-demuxer-webm: 4f35f7cbe854078d1ac9338744f61a02 -> 
  custom:container-demuxer-ogg: 62fdf1f143b41e24485cea50d1cbac27 -> 
  custom:video-encoder-webm-vp8: eb34c28f22e8b96e1ab97ce403110664 -> 
  custom:video-decoder-webm-vp8: 9c59270c3fd7afecdb556c50c9e8de78 -> 
  custom:audio-decoder-ogg-vorbis: bf7c407c2cedff20999df2af8eb42d56 -> 
  custom:audio-encoder-webm-vorbis: bf7c407c2cedff20999df2af8eb42d56 -> 
========================================================================
Received Prepare
Registering precompiled user dll's ...
Registered in 0.003910 seconds.
Begin MonoManager ReloadAssembly
Native extension for WindowsStandalone target not found
Native extension for WebGL target not found
Refreshing native plugins compatible for Editor in 0.89 ms, found 3 plugins.
Preloading 0 native plugins for Editor in 0.00 ms.
Mono: successfully reloaded assembly
- Completed reload, in  2.874 seconds
Domain Reload Profiling:
	ReloadAssembly (2875ms)
		BeginReloadAssembly (482ms)
			ExecutionOrderSort (0ms)
			DisableScriptedObjects (38ms)
			BackupInstance (0ms)
			ReleaseScriptingObjects (0ms)
			CreateAndSetChildDomain (85ms)
		EndReloadAssembly (2223ms)
			LoadAssemblies (473ms)
			RebuildTransferFunctionScriptingTraits (0ms)
			SetupTypeCache (824ms)
			ReleaseScriptCaches (2ms)
			RebuildScriptCaches (109ms)
			SetupLoadedEditorAssemblies (799ms)
				LogAssemblyErrors (0ms)
				InitializePlatformSupportModulesInManaged (10ms)
				SetLoadedEditorAssemblies (1ms)
				RefreshPlugins (1ms)
				BeforeProcessingInitializeOnLoad (241ms)
				ProcessInitializeOnLoadAttributes (519ms)
				ProcessInitializeOnLoadMethodAttributes (11ms)
				AfterProcessingInitializeOnLoad (16ms)
				EditorAssembliesLoaded (0ms)
			ExecutionOrderSort2 (0ms)
			AwakeInstancesAfterBackupRestoration (24ms)
Platform modules already initialized, skipping
Refreshing native plugins compatible for Editor in 0.63 ms, found 3 plugins.
Preloading 0 native plugins for Editor in 0.00 ms.
Unloading 2124 Unused Serialized files (Serialized files now loaded: 0)
System memory in use before: 96.8 MB.
System memory in use after: 96.9 MB.

Unloading 14 unused Assets to reduce memory usage. Loaded Objects now: 2603.
Total: 4.942100 ms (FindLiveObjects: 0.285000 ms CreateObjectMapping: 0.066300 ms MarkObjects: 4.558000 ms  DeleteObjects: 0.031100 ms)

AssetImportParameters requested are different than current active one (requested -> active):
  custom:framework-win-MediaFoundation: 216162199b28c13a410421893ffa2e32 -> 
  custom:video-decoder-ogg-theora: a1e56fd34408186e4bbccfd4996cb3dc -> 
  custom:container-muxer-webm: aa71ff27fc2769a1b78a27578f13a17b -> 
  custom:container-demuxer-webm: 4f35f7cbe854078d1ac9338744f61a02 -> 
  custom:container-demuxer-ogg: 62fdf1f143b41e24485cea50d1cbac27 -> 
  custom:video-encoder-webm-vp8: eb34c28f22e8b96e1ab97ce403110664 -> 
  custom:video-decoder-webm-vp8: 9c59270c3fd7afecdb556c50c9e8de78 -> 
  custom:audio-decoder-ogg-vorbis: bf7c407c2cedff20999df2af8eb42d56 -> 
  custom:audio-encoder-webm-vorbis: bf7c407c2cedff20999df2af8eb42d56 -> 
========================================================================
Received Prepare
Registering precompiled user dll's ...
Registered in 0.002854 seconds.
Begin MonoManager ReloadAssembly
Native extension for WindowsStandalone target not found
Native extension for WebGL target not found
Refreshing native plugins compatible for Editor in 0.63 ms, found 3 plugins.
Preloading 0 native plugins for Editor in 0.00 ms.
Mono: successfully reloaded assembly
- Completed reload, in  1.759 seconds
Domain Reload Profiling:
	ReloadAssembly (1760ms)
		BeginReloadAssembly (255ms)
			ExecutionOrderSort (0ms)
			DisableScriptedObjects (28ms)
			BackupInstance (0ms)
			ReleaseScriptingObjects (0ms)
			CreateAndSetChildDomain (72ms)
		EndReloadAssembly (1351ms)
			LoadAssemblies (180ms)
			RebuildTransferFunctionScriptingTraits (0ms)
			SetupTypeCache (458ms)
			ReleaseScriptCaches (2ms)
			RebuildScriptCaches (67ms)
			SetupLoadedEditorAssemblies (487ms)
				LogAssemblyErrors (0ms)
				InitializePlatformSupportModulesInManaged (9ms)
				SetLoadedEditorAssemblies (1ms)
				RefreshPlugins (1ms)
				BeforeProcessingInitializeOnLoad (89ms)
				ProcessInitializeOnLoadAttributes (364ms)
				ProcessInitializeOnLoadMethodAttributes (11ms)
				AfterProcessingInitializeOnLoad (12ms)
				EditorAssembliesLoaded (0ms)
			ExecutionOrderSort2 (0ms)
			AwakeInstancesAfterBackupRestoration (18ms)
Platform modules already initialized, skipping
Refreshing native plugins compatible for Editor in 0.58 ms, found 3 plugins.
Preloading 0 native plugins for Editor in 0.00 ms.
Unloading 2124 Unused Serialized files (Serialized files now loaded: 0)
System memory in use before: 96.8 MB.
System memory in use after: 96.9 MB.

Unloading 14 unused Assets to reduce memory usage. Loaded Objects now: 2606.
Total: 4.775600 ms (FindLiveObjects: 0.310000 ms CreateObjectMapping: 0.067400 ms MarkObjects: 4.295900 ms  DeleteObjects: 0.099700 ms)

AssetImportParameters requested are different than current active one (requested -> active):
  custom:framework-win-MediaFoundation: 216162199b28c13a410421893ffa2e32 -> 
  custom:video-decoder-ogg-theora: a1e56fd34408186e4bbccfd4996cb3dc -> 
  custom:container-muxer-webm: aa71ff27fc2769a1b78a27578f13a17b -> 
  custom:container-demuxer-webm: 4f35f7cbe854078d1ac9338744f61a02 -> 
  custom:container-demuxer-ogg: 62fdf1f143b41e24485cea50d1cbac27 -> 
  custom:video-encoder-webm-vp8: eb34c28f22e8b96e1ab97ce403110664 -> 
  custom:video-decoder-webm-vp8: 9c59270c3fd7afecdb556c50c9e8de78 -> 
  custom:audio-decoder-ogg-vorbis: bf7c407c2cedff20999df2af8eb42d56 -> 
  custom:audio-encoder-webm-vorbis: bf7c407c2cedff20999df2af8eb42d56 -> 
========================================================================
Received Import Request.
  Time since last request: 487.060161 seconds.
  path: Assets/Scenes/Play.unity
  artifactKey: Guid(205cfcae37189904c903e1acb37ff715) Importer(815301076,1909f56bfc062723c751e8b465ee728b)
Start importing Assets/Scenes/Play.unity using Guid(205cfcae37189904c903e1acb37ff715) Importer(815301076,1909f56bfc062723c751e8b465ee728b)  -> (artifact id: 'f2126897cbc9f56d0fa35f803ce1477e') in 0.070488 seconds 
  Import took 0.119253 seconds .

========================================================================
Received Prepare
Registering precompiled user dll's ...
Registered in 0.004223 seconds.
Begin MonoManager ReloadAssembly
Native extension for WindowsStandalone target not found
Native extension for WebGL target not found
Refreshing native plugins compatible for Editor in 0.66 ms, found 3 plugins.
Preloading 0 native plugins for Editor in 0.00 ms.
Mono: successfully reloaded assembly
- Completed reload, in  2.416 seconds
Domain Reload Profiling:
	ReloadAssembly (2417ms)
		BeginReloadAssembly (206ms)
			ExecutionOrderSort (0ms)
			DisableScriptedObjects (13ms)
			BackupInstance (0ms)
			ReleaseScriptingObjects (0ms)
			CreateAndSetChildDomain (64ms)
		EndReloadAssembly (2068ms)
			LoadAssemblies (230ms)
			RebuildTransferFunctionScriptingTraits (0ms)
			SetupTypeCache (659ms)
			ReleaseScriptCaches (2ms)
			RebuildScriptCaches (221ms)
			SetupLoadedEditorAssemblies (721ms)
				LogAssemblyErrors (0ms)
				InitializePlatformSupportModulesInManaged (10ms)
				SetLoadedEditorAssemblies (1ms)
				RefreshPlugins (1ms)
				BeforeProcessingInitializeOnLoad (133ms)
				ProcessInitializeOnLoadAttributes (543ms)
				ProcessInitializeOnLoadMethodAttributes (14ms)
				AfterProcessingInitializeOnLoad (19ms)
				EditorAssembliesLoaded (0ms)
			ExecutionOrderSort2 (0ms)
			AwakeInstancesAfterBackupRestoration (29ms)
Platform modules already initialized, skipping
Refreshing native plugins compatible for Editor in 2.05 ms, found 3 plugins.
Preloading 0 native plugins for Editor in 0.00 ms.
Unloading 2124 Unused Serialized files (Serialized files now loaded: 0)
System memory in use before: 96.8 MB.
System memory in use after: 96.9 MB.

Unloading 14 unused Assets to reduce memory usage. Loaded Objects now: 2609.
Total: 19.711200 ms (FindLiveObjects: 1.298800 ms CreateObjectMapping: 5.209400 ms MarkObjects: 13.069200 ms  DeleteObjects: 0.132000 ms)

AssetImportParameters requested are different than current active one (requested -> active):
  custom:framework-win-MediaFoundation: 216162199b28c13a410421893ffa2e32 -> 
  custom:video-decoder-ogg-theora: a1e56fd34408186e4bbccfd4996cb3dc -> 
  custom:container-muxer-webm: aa71ff27fc2769a1b78a27578f13a17b -> 
  custom:container-demuxer-webm: 4f35f7cbe854078d1ac9338744f61a02 -> 
  custom:container-demuxer-ogg: 62fdf1f143b41e24485cea50d1cbac27 -> 
  custom:video-encoder-webm-vp8: eb34c28f22e8b96e1ab97ce403110664 -> 
  custom:video-decoder-webm-vp8: 9c59270c3fd7afecdb556c50c9e8de78 -> 
  custom:audio-decoder-ogg-vorbis: bf7c407c2cedff20999df2af8eb42d56 -> 
  custom:audio-encoder-webm-vorbis: bf7c407c2cedff20999df2af8eb42d56 -> 
========================================================================
Received Prepare
Registering precompiled user dll's ...
Registered in 0.004777 seconds.
Begin MonoManager ReloadAssembly
Native extension for WindowsStandalone target not found
Native extension for WebGL target not found
Refreshing native plugins compatible for Editor in 0.58 ms, found 3 plugins.
Preloading 0 native plugins for Editor in 0.00 ms.
Mono: successfully reloaded assembly
- Completed reload, in  2.285 seconds
Domain Reload Profiling:
	ReloadAssembly (2290ms)
		BeginReloadAssembly (465ms)
			ExecutionOrderSort (0ms)
			DisableScriptedObjects (12ms)
			BackupInstance (0ms)
			ReleaseScriptingObjects (0ms)
			CreateAndSetChildDomain (52ms)
		EndReloadAssembly (1665ms)
			LoadAssemblies (473ms)
			RebuildTransferFunctionScriptingTraits (0ms)
			SetupTypeCache (595ms)
			ReleaseScriptCaches (2ms)
			RebuildScriptCaches (80ms)
			SetupLoadedEditorAssemblies (581ms)
				LogAssemblyErrors (0ms)
				InitializePlatformSupportModulesInManaged (12ms)
				SetLoadedEditorAssemblies (1ms)
				RefreshPlugins (1ms)
				BeforeProcessingInitializeOnLoad (122ms)
				ProcessInitializeOnLoadAttributes (422ms)
				ProcessInitializeOnLoadMethodAttributes (10ms)
				AfterProcessingInitializeOnLoad (14ms)
				EditorAssembliesLoaded (0ms)
			ExecutionOrderSort2 (0ms)
			AwakeInstancesAfterBackupRestoration (18ms)
Platform modules already initialized, skipping
Refreshing native plugins compatible for Editor in 0.72 ms, found 3 plugins.
Preloading 0 native plugins for Editor in 0.00 ms.
Unloading 2124 Unused Serialized files (Serialized files now loaded: 0)
System memory in use before: 96.8 MB.
System memory in use after: 96.9 MB.

Unloading 14 unused Assets to reduce memory usage. Loaded Objects now: 2612.
Total: 4.443100 ms (FindLiveObjects: 0.330300 ms CreateObjectMapping: 0.063000 ms MarkObjects: 4.014900 ms  DeleteObjects: 0.032300 ms)

AssetImportParameters requested are different than current active one (requested -> active):
  custom:framework-win-MediaFoundation: 216162199b28c13a410421893ffa2e32 -> 
  custom:video-decoder-ogg-theora: a1e56fd34408186e4bbccfd4996cb3dc -> 
  custom:container-muxer-webm: aa71ff27fc2769a1b78a27578f13a17b -> 
  custom:container-demuxer-webm: 4f35f7cbe854078d1ac9338744f61a02 -> 
  custom:container-demuxer-ogg: 62fdf1f143b41e24485cea50d1cbac27 -> 
  custom:video-encoder-webm-vp8: eb34c28f22e8b96e1ab97ce403110664 -> 
  custom:video-decoder-webm-vp8: 9c59270c3fd7afecdb556c50c9e8de78 -> 
  custom:audio-decoder-ogg-vorbis: bf7c407c2cedff20999df2af8eb42d56 -> 
  custom:audio-encoder-webm-vorbis: bf7c407c2cedff20999df2af8eb42d56 -> 
========================================================================
Received Import Request.
  Time since last request: 287.615694 seconds.
  path: Assets/Scenes/Finish.unity
  artifactKey: Guid(731da1feb64839444862828a1ffcd5a1) Importer(815301076,1909f56bfc062723c751e8b465ee728b)
Start importing Assets/Scenes/Finish.unity using Guid(731da1feb64839444862828a1ffcd5a1) Importer(815301076,1909f56bfc062723c751e8b465ee728b)  -> (artifact id: '1dd71d316be3c1c7340c6941e72da372') in 0.074536 seconds 
  Import took 0.142059 seconds .

========================================================================
Received Import Request.
  Time since last request: 0.003556 seconds.
  path: Assets/Scenes/Finish.unity
  artifactKey: Guid(731da1feb64839444862828a1ffcd5a1) Importer(815301076,1909f56bfc062723c751e8b465ee728b)
Start importing Assets/Scenes/Finish.unity using Guid(731da1feb64839444862828a1ffcd5a1) Importer(815301076,1909f56bfc062723c751e8b465ee728b)  -> (artifact id: '1dd71d316be3c1c7340c6941e72da372') in 0.006869 seconds 
  Import took 0.102148 seconds .

========================================================================
Received Import Request.
  Time since last request: 76.007719 seconds.
  path: Assets/Scenes/Finish.unity
  artifactKey: Guid(731da1feb64839444862828a1ffcd5a1) Importer(815301076,1909f56bfc062723c751e8b465ee728b)
Start importing Assets/Scenes/Finish.unity using Guid(731da1feb64839444862828a1ffcd5a1) Importer(815301076,1909f56bfc062723c751e8b465ee728b)  -> (artifact id: '3ae0876c4b5ac8bccf91cd1ddf9ff5ec') in 0.005624 seconds 
  Import took 0.036715 seconds .

========================================================================
Received Import Request.
  Time since last request: 19.272723 seconds.
  path: Assets/Scenes/Finish.unity
  artifactKey: Guid(731da1feb64839444862828a1ffcd5a1) Importer(815301076,1909f56bfc062723c751e8b465ee728b)
Start importing Assets/Scenes/Finish.unity using Guid(731da1feb64839444862828a1ffcd5a1) Importer(815301076,1909f56bfc062723c751e8b465ee728b)  -> (artifact id: '786cf4fb83259648346577a27d790344') in 0.005527 seconds 
  Import took 0.048936 seconds .

========================================================================
Received Import Request.
  Time since last request: 59.439247 seconds.
  path: Assets/Scenes/Play.unity
  artifactKey: Guid(205cfcae37189904c903e1acb37ff715) Importer(815301076,1909f56bfc062723c751e8b465ee728b)
Start importing Assets/Scenes/Play.unity using Guid(205cfcae37189904c903e1acb37ff715) Importer(815301076,1909f56bfc062723c751e8b465ee728b)  -> (artifact id: '3718cd3023fbd2cccf55c470737e8979') in 0.007361 seconds 
  Import took 0.077823 seconds .

========================================================================
Received Prepare
Registering precompiled user dll's ...
Registered in 0.003529 seconds.
Begin MonoManager ReloadAssembly
Native extension for WindowsStandalone target not found
Native extension for WebGL target not found
Refreshing native plugins compatible for Editor in 0.57 ms, found 3 plugins.
Preloading 0 native plugins for Editor in 0.00 ms.
Mono: successfully reloaded assembly
- Completed reload, in  1.618 seconds
Domain Reload Profiling:
	ReloadAssembly (1618ms)
		BeginReloadAssembly (164ms)
			ExecutionOrderSort (0ms)
			DisableScriptedObjects (12ms)
			BackupInstance (0ms)
			ReleaseScriptingObjects (0ms)
			CreateAndSetChildDomain (45ms)
		EndReloadAssembly (1353ms)
			LoadAssemblies (151ms)
			RebuildTransferFunctionScriptingTraits (0ms)
			SetupTypeCache (463ms)
			ReleaseScriptCaches (1ms)
			RebuildScriptCaches (72ms)
			SetupLoadedEditorAssemblies (497ms)
				LogAssemblyErrors (0ms)
				InitializePlatformSupportModulesInManaged (10ms)
				SetLoadedEditorAssemblies (1ms)
				RefreshPlugins (1ms)
				BeforeProcessingInitializeOnLoad (125ms)
				ProcessInitializeOnLoadAttributes (336ms)
				ProcessInitializeOnLoadMethodAttributes (11ms)
				AfterProcessingInitializeOnLoad (14ms)
				EditorAssembliesLoaded (0ms)
			ExecutionOrderSort2 (0ms)
			AwakeInstancesAfterBackupRestoration (24ms)
Platform modules already initialized, skipping
Refreshing native plugins compatible for Editor in 0.57 ms, found 3 plugins.
Preloading 0 native plugins for Editor in 0.00 ms.
Unloading 2124 Unused Serialized files (Serialized files now loaded: 0)
System memory in use before: 96.8 MB.
System memory in use after: 96.9 MB.

Unloading 14 unused Assets to reduce memory usage. Loaded Objects now: 2615.
Total: 8.448300 ms (FindLiveObjects: 0.749400 ms CreateObjectMapping: 0.124200 ms MarkObjects: 7.470100 ms  DeleteObjects: 0.101300 ms)

AssetImportParameters requested are different than current active one (requested -> active):
  custom:framework-win-MediaFoundation: 216162199b28c13a410421893ffa2e32 -> 
  custom:video-decoder-ogg-theora: a1e56fd34408186e4bbccfd4996cb3dc -> 
  custom:container-muxer-webm: aa71ff27fc2769a1b78a27578f13a17b -> 
  custom:container-demuxer-webm: 4f35f7cbe854078d1ac9338744f61a02 -> 
  custom:container-demuxer-ogg: 62fdf1f143b41e24485cea50d1cbac27 -> 
  custom:video-encoder-webm-vp8: eb34c28f22e8b96e1ab97ce403110664 -> 
  custom:video-decoder-webm-vp8: 9c59270c3fd7afecdb556c50c9e8de78 -> 
  custom:audio-decoder-ogg-vorbis: bf7c407c2cedff20999df2af8eb42d56 -> 
  custom:audio-encoder-webm-vorbis: bf7c407c2cedff20999df2af8eb42d56 -> 
========================================================================
Received Prepare
Registering precompiled user dll's ...
Registered in 0.009598 seconds.
Begin MonoManager ReloadAssembly
Native extension for WindowsStandalone target not found
Native extension for WebGL target not found
Refreshing native plugins compatible for Editor in 0.92 ms, found 3 plugins.
Preloading 0 native plugins for Editor in 0.00 ms.
Mono: successfully reloaded assembly
- Completed reload, in  2.706 seconds
Domain Reload Profiling:
	ReloadAssembly (2707ms)
		BeginReloadAssembly (344ms)
			ExecutionOrderSort (0ms)
			DisableScriptedObjects (19ms)
			BackupInstance (0ms)
			ReleaseScriptingObjects (1ms)
			CreateAndSetChildDomain (144ms)
		EndReloadAssembly (2167ms)
			LoadAssemblies (275ms)
			RebuildTransferFunctionScriptingTraits (0ms)
			SetupTypeCache (757ms)
			ReleaseScriptCaches (2ms)
			RebuildScriptCaches (98ms)
			SetupLoadedEditorAssemblies (761ms)
				LogAssemblyErrors (0ms)
				InitializePlatformSupportModulesInManaged (45ms)
				SetLoadedEditorAssemblies (3ms)
				RefreshPlugins (1ms)
				BeforeProcessingInitializeOnLoad (106ms)
				ProcessInitializeOnLoadAttributes (546ms)
				ProcessInitializeOnLoadMethodAttributes (42ms)
				AfterProcessingInitializeOnLoad (17ms)
				EditorAssembliesLoaded (0ms)
			ExecutionOrderSort2 (0ms)
			AwakeInstancesAfterBackupRestoration (110ms)
Platform modules already initialized, skipping
Refreshing native plugins compatible for Editor in 1.02 ms, found 3 plugins.
Preloading 0 native plugins for Editor in 0.00 ms.
Unloading 2124 Unused Serialized files (Serialized files now loaded: 0)
System memory in use before: 96.8 MB.
System memory in use after: 97.0 MB.

Unloading 14 unused Assets to reduce memory usage. Loaded Objects now: 2618.
Total: 22.987500 ms (FindLiveObjects: 0.531000 ms CreateObjectMapping: 0.147700 ms MarkObjects: 22.264600 ms  DeleteObjects: 0.039700 ms)

AssetImportParameters requested are different than current active one (requested -> active):
  custom:framework-win-MediaFoundation: 216162199b28c13a410421893ffa2e32 -> 
  custom:video-decoder-ogg-theora: a1e56fd34408186e4bbccfd4996cb3dc -> 
  custom:container-muxer-webm: aa71ff27fc2769a1b78a27578f13a17b -> 
  custom:container-demuxer-webm: 4f35f7cbe854078d1ac9338744f61a02 -> 
  custom:container-demuxer-ogg: 62fdf1f143b41e24485cea50d1cbac27 -> 
  custom:video-encoder-webm-vp8: eb34c28f22e8b96e1ab97ce403110664 -> 
  custom:video-decoder-webm-vp8: 9c59270c3fd7afecdb556c50c9e8de78 -> 
  custom:audio-decoder-ogg-vorbis: bf7c407c2cedff20999df2af8eb42d56 -> 
  custom:audio-encoder-webm-vorbis: bf7c407c2cedff20999df2af8eb42d56 -> 
========================================================================
Received Prepare
Registering precompiled user dll's ...
Registered in 1.075554 seconds.
Begin MonoManager ReloadAssembly
Native extension for WindowsStandalone target not found
Native extension for WebGL target not found
Refreshing native plugins compatible for Editor in 2.91 ms, found 3 plugins.
Preloading 0 native plugins for Editor in 0.00 ms.
Mono: successfully reloaded assembly
- Completed reload, in  9.644 seconds
Domain Reload Profiling:
	ReloadAssembly (9645ms)
		BeginReloadAssembly (661ms)
			ExecutionOrderSort (0ms)
			DisableScriptedObjects (41ms)
			BackupInstance (0ms)
			ReleaseScriptingObjects (1ms)
			CreateAndSetChildDomain (116ms)
		EndReloadAssembly (8517ms)
			LoadAssemblies (3094ms)
			RebuildTransferFunctionScriptingTraits (0ms)
			SetupTypeCache (1203ms)
			ReleaseScriptCaches (2ms)
			RebuildScriptCaches (96ms)
			SetupLoadedEditorAssemblies (3161ms)
				LogAssemblyErrors (0ms)
				InitializePlatformSupportModulesInManaged (604ms)
				SetLoadedEditorAssemblies (16ms)
				RefreshPlugins (4ms)
				BeforeProcessingInitializeOnLoad (442ms)
				ProcessInitializeOnLoadAttributes (1693ms)
				ProcessInitializeOnLoadMethodAttributes (50ms)
				AfterProcessingInitializeOnLoad (351ms)
				EditorAssembliesLoaded (1ms)
			ExecutionOrderSort2 (0ms)
			AwakeInstancesAfterBackupRestoration (248ms)
Platform modules already initialized, skipping
Refreshing native plugins compatible for Editor in 1.09 ms, found 3 plugins.
Preloading 0 native plugins for Editor in 0.00 ms.
Unloading 2124 Unused Serialized files (Serialized files now loaded: 0)
System memory in use before: 96.8 MB.
System memory in use after: 97.0 MB.

Unloading 14 unused Assets to reduce memory usage. Loaded Objects now: 2621.
Total: 46.224000 ms (FindLiveObjects: 3.662600 ms CreateObjectMapping: 2.029700 ms MarkObjects: 31.759400 ms  DeleteObjects: 8.766300 ms)

AssetImportParameters requested are different than current active one (requested -> active):
  custom:framework-win-MediaFoundation: 216162199b28c13a410421893ffa2e32 -> 
  custom:video-decoder-ogg-theora: a1e56fd34408186e4bbccfd4996cb3dc -> 
  custom:container-muxer-webm: aa71ff27fc2769a1b78a27578f13a17b -> 
  custom:container-demuxer-webm: 4f35f7cbe854078d1ac9338744f61a02 -> 
  custom:container-demuxer-ogg: 62fdf1f143b41e24485cea50d1cbac27 -> 
  custom:video-encoder-webm-vp8: eb34c28f22e8b96e1ab97ce403110664 -> 
  custom:video-decoder-webm-vp8: 9c59270c3fd7afecdb556c50c9e8de78 -> 
  custom:audio-decoder-ogg-vorbis: bf7c407c2cedff20999df2af8eb42d56 -> 
  custom:audio-encoder-webm-vorbis: bf7c407c2cedff20999df2af8eb42d56 -> 
========================================================================
Received Prepare
Registering precompiled user dll's ...
Registered in 0.434358 seconds.
Begin MonoManager ReloadAssembly
Native extension for WindowsStandalone target not found
Native extension for WebGL target not found
Refreshing native plugins compatible for Editor in 240.86 ms, found 3 plugins.
Preloading 0 native plugins for Editor in 0.00 ms.
Mono: successfully reloaded assembly
- Completed reload, in 69.087 seconds
Domain Reload Profiling:
	ReloadAssembly (69956ms)
		BeginReloadAssembly (53877ms)
			ExecutionOrderSort (0ms)
			DisableScriptedObjects (3406ms)
			BackupInstance (0ms)
			ReleaseScriptingObjects (2029ms)
			CreateAndSetChildDomain (38969ms)
		EndReloadAssembly (14432ms)
			LoadAssemblies (7769ms)
			RebuildTransferFunctionScriptingTraits (4ms)
			SetupTypeCache (3647ms)
			ReleaseScriptCaches (185ms)
			RebuildScriptCaches (238ms)
			SetupLoadedEditorAssemblies (1993ms)
				LogAssemblyErrors (0ms)
				InitializePlatformSupportModulesInManaged (122ms)
				SetLoadedEditorAssemblies (1ms)
				RefreshPlugins (242ms)
				BeforeProcessingInitializeOnLoad (484ms)
				ProcessInitializeOnLoadAttributes (1091ms)
				ProcessInitializeOnLoadMethodAttributes (24ms)
				AfterProcessingInitializeOnLoad (18ms)
				EditorAssembliesLoaded (11ms)
			ExecutionOrderSort2 (0ms)
			AwakeInstancesAfterBackupRestoration (234ms)
Platform modules already initialized, skipping
Shader 'Universal Render Pipeline/Nature/SpeedTree7': dependency 'BillboardShader' shader 'Universal Render Pipeline/Nature/SpeedTree7 Billboard' not found
Shader 'Universal Render Pipeline/Baked Lit': fallback shader 'Universal Render Pipeline/Unlit' not found
Shader 'Universal Render Pipeline/Simple Lit': fallback shader 'Hidden/Universal Render Pipeline/FallbackError' not found
Shader 'Universal Render Pipeline/Terrain/Lit': fallback shader 'Hidden/Universal Render Pipeline/FallbackError' not found
Shader 'Universal Render Pipeline/Terrain/Lit': dependency 'AddPassShader' shader 'Hidden/Universal Render Pipeline/Terrain/Lit (Add Pass)' not found
Shader 'Universal Render Pipeline/Terrain/Lit': dependency 'BaseMapShader' shader 'Hidden/Universal Render Pipeline/Terrain/Lit (Base Pass)' not found
Shader 'Universal Render Pipeline/Terrain/Lit': dependency 'BaseMapGenShader' shader 'Hidden/Universal Render Pipeline/Terrain/Lit (Basemap Gen)' not found
Shader 'Hidden/Universal Render Pipeline/Terrain/Lit (Add Pass)': fallback shader 'Hidden/Universal Render Pipeline/FallbackError' not found
Shader 'Hidden/Universal Render Pipeline/Terrain/Lit (Base Pass)': fallback shader 'Hidden/Universal Render Pipeline/FallbackError' not found
Refreshing native plugins compatible for Editor in 1.04 ms, found 3 plugins.
Preloading 0 native plugins for Editor in 0.00 ms.
Unloading 3221 Unused Serialized files (Serialized files now loaded: 0)
System memory in use before: 138.8 MB.
System memory in use after: 134.4 MB.

Unloading 71 unused Assets to reduce memory usage. Loaded Objects now: 3664.
Total: 168.258200 ms (FindLiveObjects: 4.546800 ms CreateObjectMapping: 2.714000 ms MarkObjects: 68.296400 ms  DeleteObjects: 92.695800 ms)

AssetImportParameters requested are different than current active one (requested -> active):
  custom:framework-win-MediaFoundation: 216162199b28c13a410421893ffa2e32 -> 
  custom:video-decoder-ogg-theora: a1e56fd34408186e4bbccfd4996cb3dc -> 
  custom:container-muxer-webm: aa71ff27fc2769a1b78a27578f13a17b -> 
  custom:container-demuxer-webm: 4f35f7cbe854078d1ac9338744f61a02 -> 
  custom:container-demuxer-ogg: 62fdf1f143b41e24485cea50d1cbac27 -> 
  custom:video-encoder-webm-vp8: eb34c28f22e8b96e1ab97ce403110664 -> 
  custom:video-decoder-webm-vp8: 9c59270c3fd7afecdb556c50c9e8de78 -> 
  custom:audio-decoder-ogg-vorbis: bf7c407c2cedff20999df2af8eb42d56 -> 
  custom:audio-encoder-webm-vorbis: bf7c407c2cedff20999df2af8eb42d56 -> 
========================================================================
Received Import Request.
  Time since last request: 1472.216441 seconds.
  path: Assets/UniversalRenderPipelineAsset.asset
  artifactKey: Guid(3dad8716d32eea748bb41b6c1900f6e0) Importer(815301076,1909f56bfc062723c751e8b465ee728b)
Start importing Assets/UniversalRenderPipelineAsset.asset using Guid(3dad8716d32eea748bb41b6c1900f6e0) Importer(815301076,1909f56bfc062723c751e8b465ee728b)  -> (artifact id: 'afb2199ec21e70acd20c66e829f84058') in 6.568941 seconds 
  Import took 6.978379 seconds .

========================================================================
Received Import Request.
  Time since last request: 0.000832 seconds.
  path: Assets/UniversalRenderPipelineAsset_Renderer.asset
  artifactKey: Guid(42af4600fc918d740b6a683127366504) Importer(815301076,1909f56bfc062723c751e8b465ee728b)
Start importing Assets/UniversalRenderPipelineAsset_Renderer.asset using Guid(42af4600fc918d740b6a683127366504) Importer(815301076,1909f56bfc062723c751e8b465ee728b)  -> (artifact id: 'b041af53eec74aaab0372fd85c310c83') in 0.519691 seconds 
  Import took 0.601212 seconds .

========================================================================
Received Import Request.
  Time since last request: 11.775353 seconds.
  path: Assets/New 2D Renderer Data.asset
  artifactKey: Guid(868f76d61ef3ad34ea3d3e154771baf1) Importer(815301076,1909f56bfc062723c751e8b465ee728b)
Start importing Assets/New 2D Renderer Data.asset using Guid(868f76d61ef3ad34ea3d3e154771baf1) Importer(815301076,1909f56bfc062723c751e8b465ee728b)  -> (artifact id: '2d3a34469c8d269786c1adf52de69011') in 1.094804 seconds 
  Import took 1.179346 seconds .

========================================================================
Received Prepare
Switching render pipeline 00000000000000000000000000000000 -> 3dad8716d32eea748bb41b6c1900f6e0
Refreshing native plugins compatible for Editor in 372.34 ms, found 3 plugins.
Preloading 0 native plugins for Editor in 0.00 ms.
Unloading 117 Unused Serialized files (Serialized files now loaded: 0)
System memory in use before: 81.4 MB.
System memory in use after: 78.2 MB.

Unloading 49 unused Assets to reduce memory usage. Loaded Objects now: 3732.
Total: 18.013300 ms (FindLiveObjects: 0.594800 ms CreateObjectMapping: 0.176600 ms MarkObjects: 12.699600 ms  DeleteObjects: 4.484600 ms)

AssetImportParameters requested are different than current active one (requested -> active):
  custom:framework-win-MediaFoundation: 216162199b28c13a410421893ffa2e32 -> 
  custom:video-decoder-ogg-theora: a1e56fd34408186e4bbccfd4996cb3dc -> 
  custom:container-muxer-webm: aa71ff27fc2769a1b78a27578f13a17b -> 
  custom:container-demuxer-webm: 4f35f7cbe854078d1ac9338744f61a02 -> 
  custom:container-demuxer-ogg: 62fdf1f143b41e24485cea50d1cbac27 -> 
  custom:srp/default-shader: 0000e00a000e0de00000e000e02d0000 -> 0000e00a000e0de00000e000e0000000
  custom:video-encoder-webm-vp8: eb34c28f22e8b96e1ab97ce403110664 -> 
  custom:video-decoder-webm-vp8: 9c59270c3fd7afecdb556c50c9e8de78 -> 
  custom:audio-decoder-ogg-vorbis: bf7c407c2cedff20999df2af8eb42d56 -> 
  custom:audio-encoder-webm-vorbis: bf7c407c2cedff20999df2af8eb42d56 -> 
========================================================================
Received Import Request.
  Time since last request: 463.004535 seconds.
  path: Assets/New 2D Renderer Data.asset
  artifactKey: Guid(868f76d61ef3ad34ea3d3e154771baf1) Importer(815301076,1909f56bfc062723c751e8b465ee728b)
Start importing Assets/New 2D Renderer Data.asset using Guid(868f76d61ef3ad34ea3d3e154771baf1) Importer(815301076,1909f56bfc062723c751e8b465ee728b)  -> (artifact id: '4676625fb30c99bdd383ea6581edb487') in 0.058864 seconds 
  Import took 0.101553 seconds .

========================================================================
Received Import Request.
  Time since last request: 0.040743 seconds.
  path: Assets/UniversalRenderPipelineAsset_Renderer.asset
  artifactKey: Guid(42af4600fc918d740b6a683127366504) Importer(815301076,1909f56bfc062723c751e8b465ee728b)
Start importing Assets/UniversalRenderPipelineAsset_Renderer.asset using Guid(42af4600fc918d740b6a683127366504) Importer(815301076,1909f56bfc062723c751e8b465ee728b)  -> (artifact id: 'caf4f57d31a051d40824fc29b39d80a0') in 0.008607 seconds 
  Import took 0.190821 seconds .

========================================================================
Received Import Request.
  Time since last request: 0.000291 seconds.
  path: Assets/UniversalRenderPipelineAsset.asset
  artifactKey: Guid(3dad8716d32eea748bb41b6c1900f6e0) Importer(815301076,1909f56bfc062723c751e8b465ee728b)
Start importing Assets/UniversalRenderPipelineAsset.asset using Guid(3dad8716d32eea748bb41b6c1900f6e0) Importer(815301076,1909f56bfc062723c751e8b465ee728b)  -> (artifact id: '16777331d9343797d6be458f42eab089') in 0.015594 seconds 
  Import took 0.116627 seconds .

========================================================================
Received Import Request.
  Time since last request: 0.345540 seconds.
  path: Assets/New 2D Renderer Data.asset
  artifactKey: Guid(868f76d61ef3ad34ea3d3e154771baf1) Importer(815301076,1909f56bfc062723c751e8b465ee728b)
Start importing Assets/New 2D Renderer Data.asset using Guid(868f76d61ef3ad34ea3d3e154771baf1) Importer(815301076,1909f56bfc062723c751e8b465ee728b)  -> (artifact id: '4676625fb30c99bdd383ea6581edb487') in 0.069382 seconds 
  Import took 0.088859 seconds .

========================================================================
Received Prepare
Registering precompiled user dll's ...
Registered in 0.041314 seconds.
Begin MonoManager ReloadAssembly
Native extension for WindowsStandalone target not found
Native extension for WebGL target not found
Refreshing native plugins compatible for Editor in 1.16 ms, found 3 plugins.
Preloading 0 native plugins for Editor in 0.00 ms.
Mono: successfully reloaded assembly
- Completed reload, in  9.127 seconds
Domain Reload Profiling:
	ReloadAssembly (9160ms)
		BeginReloadAssembly (4561ms)
			ExecutionOrderSort (0ms)
			DisableScriptedObjects (515ms)
			BackupInstance (0ms)
			ReleaseScriptingObjects (0ms)
			CreateAndSetChildDomain (2894ms)
		EndReloadAssembly (4321ms)
			LoadAssemblies (1085ms)
			RebuildTransferFunctionScriptingTraits (0ms)
			SetupTypeCache (1241ms)
			ReleaseScriptCaches (3ms)
			RebuildScriptCaches (141ms)
			SetupLoadedEditorAssemblies (1512ms)
				LogAssemblyErrors (0ms)
				InitializePlatformSupportModulesInManaged (92ms)
				SetLoadedEditorAssemblies (2ms)
				RefreshPlugins (1ms)
				BeforeProcessingInitializeOnLoad (335ms)
				ProcessInitializeOnLoadAttributes (1052ms)
				ProcessInitializeOnLoadMethodAttributes (12ms)
				AfterProcessingInitializeOnLoad (17ms)
				EditorAssembliesLoaded (0ms)
			ExecutionOrderSort2 (0ms)
			AwakeInstancesAfterBackupRestoration (117ms)
Platform modules already initialized, skipping
Switching render pipeline 00000000000000000000000000000000 -> 3dad8716d32eea748bb41b6c1900f6e0
Refreshing native plugins compatible for Editor in 0.88 ms, found 3 plugins.
Preloading 0 native plugins for Editor in 0.00 ms.
Unloading 3202 Unused Serialized files (Serialized files now loaded: 0)
System memory in use before: 139.8 MB.
System memory in use after: 137.1 MB.

Unloading 50 unused Assets to reduce memory usage. Loaded Objects now: 3738.
Total: 14.746900 ms (FindLiveObjects: 1.335400 ms CreateObjectMapping: 0.515100 ms MarkObjects: 8.777500 ms  DeleteObjects: 4.114600 ms)

AssetImportParameters requested are different than current active one (requested -> active):
  custom:framework-win-MediaFoundation: 216162199b28c13a410421893ffa2e32 -> 
  custom:video-decoder-ogg-theora: a1e56fd34408186e4bbccfd4996cb3dc -> 
  custom:container-muxer-webm: aa71ff27fc2769a1b78a27578f13a17b -> 
  custom:container-demuxer-webm: 4f35f7cbe854078d1ac9338744f61a02 -> 
  custom:container-demuxer-ogg: 62fdf1f143b41e24485cea50d1cbac27 -> 
  custom:srp/default-shader: 0000e00a000e0de00000e000e02d0000 -> 0000e00a000e0de00000e000e0000000
  custom:video-encoder-webm-vp8: eb34c28f22e8b96e1ab97ce403110664 -> 
  custom:video-decoder-webm-vp8: 9c59270c3fd7afecdb556c50c9e8de78 -> 
  custom:audio-decoder-ogg-vorbis: bf7c407c2cedff20999df2af8eb42d56 -> 
  custom:audio-encoder-webm-vorbis: bf7c407c2cedff20999df2af8eb42d56 -> 
========================================================================
Received Prepare
Registering precompiled user dll's ...
Registered in 0.024565 seconds.
Begin MonoManager ReloadAssembly
Native extension for WindowsStandalone target not found
Native extension for WebGL target not found
Refreshing native plugins compatible for Editor in 1.35 ms, found 3 plugins.
Preloading 0 native plugins for Editor in 0.00 ms.
Mono: successfully reloaded assembly
- Completed reload, in  2.767 seconds
Domain Reload Profiling:
	ReloadAssembly (2768ms)
		BeginReloadAssembly (232ms)
			ExecutionOrderSort (0ms)
			DisableScriptedObjects (13ms)
			BackupInstance (0ms)
			ReleaseScriptingObjects (0ms)
			CreateAndSetChildDomain (72ms)
		EndReloadAssembly (2358ms)
			LoadAssemblies (252ms)
			RebuildTransferFunctionScriptingTraits (0ms)
			SetupTypeCache (791ms)
			ReleaseScriptCaches (5ms)
			RebuildScriptCaches (144ms)
			SetupLoadedEditorAssemblies (836ms)
				LogAssemblyErrors (0ms)
				InitializePlatformSupportModulesInManaged (13ms)
				SetLoadedEditorAssemblies (1ms)
				RefreshPlugins (1ms)
				BeforeProcessingInitializeOnLoad (179ms)
				ProcessInitializeOnLoadAttributes (574ms)
				ProcessInitializeOnLoadMethodAttributes (50ms)
				AfterProcessingInitializeOnLoad (17ms)
				EditorAssembliesLoaded (0ms)
			ExecutionOrderSort2 (0ms)
			AwakeInstancesAfterBackupRestoration (27ms)
Platform modules already initialized, skipping
Refreshing native plugins compatible for Editor in 1.17 ms, found 3 plugins.
Preloading 0 native plugins for Editor in 0.00 ms.
Unloading 3200 Unused Serialized files (Serialized files now loaded: 0)
System memory in use before: 140.0 MB.
System memory in use after: 137.1 MB.

Unloading 50 unused Assets to reduce memory usage. Loaded Objects now: 3741.
Total: 13.157600 ms (FindLiveObjects: 0.552500 ms CreateObjectMapping: 0.155800 ms MarkObjects: 8.439900 ms  DeleteObjects: 4.007000 ms)

AssetImportParameters requested are different than current active one (requested -> active):
  custom:framework-win-MediaFoundation: 216162199b28c13a410421893ffa2e32 -> 
  custom:video-decoder-ogg-theora: a1e56fd34408186e4bbccfd4996cb3dc -> 
  custom:container-muxer-webm: aa71ff27fc2769a1b78a27578f13a17b -> 
  custom:container-demuxer-webm: 4f35f7cbe854078d1ac9338744f61a02 -> 
  custom:container-demuxer-ogg: 62fdf1f143b41e24485cea50d1cbac27 -> 
  custom:srp/default-shader: 0000e00a000e0de00000e000e02d0000 -> 0000e00a000e0de00000e000e0000000
  custom:video-encoder-webm-vp8: eb34c28f22e8b96e1ab97ce403110664 -> 
  custom:video-decoder-webm-vp8: 9c59270c3fd7afecdb556c50c9e8de78 -> 
  custom:audio-decoder-ogg-vorbis: bf7c407c2cedff20999df2af8eb42d56 -> 
  custom:audio-encoder-webm-vorbis: bf7c407c2cedff20999df2af8eb42d56 -> 
========================================================================
Received Import Request.
  Time since last request: 120.903819 seconds.
  path: Assets/Scenes/Help.unity
  artifactKey: Guid(53c0c35f15ea4f841ab30ff48aaa2277) Importer(815301076,1909f56bfc062723c751e8b465ee728b)
Start importing Assets/Scenes/Help.unity using Guid(53c0c35f15ea4f841ab30ff48aaa2277) Importer(815301076,1909f56bfc062723c751e8b465ee728b)  -> (artifact id: '10f7d07674ee4a15566f3e909b3ae9d1') in 0.067548 seconds 
  Import took 0.124469 seconds .

========================================================================
Received Import Request.
  Time since last request: 0.000300 seconds.
  path: Assets/Scenes/Credit.unity
  artifactKey: Guid(09d74a74a7ca39a4f844200b09ec3e98) Importer(815301076,1909f56bfc062723c751e8b465ee728b)
Start importing Assets/Scenes/Credit.unity using Guid(09d74a74a7ca39a4f844200b09ec3e98) Importer(815301076,1909f56bfc062723c751e8b465ee728b)  -> (artifact id: '5c601f0ce09f4269f0b2c098463c8637') in 0.040453 seconds 
  Import took 0.091272 seconds .

========================================================================
Received Import Request.
  Time since last request: 0.000988 seconds.
  path: Assets/Scenes/Finish.unity
  artifactKey: Guid(731da1feb64839444862828a1ffcd5a1) Importer(815301076,1909f56bfc062723c751e8b465ee728b)
Start importing Assets/Scenes/Finish.unity using Guid(731da1feb64839444862828a1ffcd5a1) Importer(815301076,1909f56bfc062723c751e8b465ee728b)  -> (artifact id: 'e559a69633092e9890667de011e1c676') in 0.209333 seconds 
  Import took 0.244009 seconds .

========================================================================
Received Import Request.
  Time since last request: 372.629727 seconds.
  path: Assets/UniversalRenderPipelineAsset.asset
  artifactKey: Guid(3dad8716d32eea748bb41b6c1900f6e0) Importer(815301076,1909f56bfc062723c751e8b465ee728b)
Start importing Assets/UniversalRenderPipelineAsset.asset using Guid(3dad8716d32eea748bb41b6c1900f6e0) Importer(815301076,1909f56bfc062723c751e8b465ee728b)  -> (artifact id: '1e7d8ba984c6803a216b6c7a6675b767') in 2.707809 seconds 
  Import took 6.446423 seconds .

========================================================================
Received Import Request.
  Time since last request: 0.034095 seconds.
  path: Assets/UniversalRenderPipelineAsset_Renderer.asset
  artifactKey: Guid(42af4600fc918d740b6a683127366504) Importer(815301076,1909f56bfc062723c751e8b465ee728b)
Start importing Assets/UniversalRenderPipelineAsset_Renderer.asset using Guid(42af4600fc918d740b6a683127366504) Importer(815301076,1909f56bfc062723c751e8b465ee728b)  -> (artifact id: 'ce4037020f2eeae8e4b19c4c77ff7dd3') in 0.016890 seconds 
  Import took 0.160378 seconds .

========================================================================
Received Import Request.
  Time since last request: 0.641196 seconds.
  path: Assets/Images/kisspng-portable-network-graphics-image-design-adobe-photo-5c4a79ad89c017.8827071015483846855642.png
  artifactKey: Guid(04c3b0a69add36648a4f7b848be23c74) Importer(815301076,1909f56bfc062723c751e8b465ee728b)
Start importing Assets/Images/kisspng-portable-network-graphics-image-design-adobe-photo-5c4a79ad89c017.8827071015483846855642.png using Guid(04c3b0a69add36648a4f7b848be23c74) Importer(815301076,1909f56bfc062723c751e8b465ee728b)  -> (artifact id: 'c95416448d56afb423af1de2c9cf33c8') in 4.621173 seconds 
  Import took 4.686546 seconds .

========================================================================
Received Import Request.
  Time since last request: 0.634356 seconds.
  path: Assets/Images/kisspng-portable-network-graphics-image-design-adobe-photo-5c4a79ad89c017.8827071015483846855642.png
  artifactKey: Guid(04c3b0a69add36648a4f7b848be23c74) Importer(815301076,1909f56bfc062723c751e8b465ee728b)
Start importing Assets/Images/kisspng-portable-network-graphics-image-design-adobe-photo-5c4a79ad89c017.8827071015483846855642.png using Guid(04c3b0a69add36648a4f7b848be23c74) Importer(815301076,1909f56bfc062723c751e8b465ee728b)  -> (artifact id: 'c95416448d56afb423af1de2c9cf33c8') in 0.297067 seconds 
  Import took 0.433657 seconds .

========================================================================
Received Import Request.
  Time since last request: 0.000619 seconds.
  path: Assets/Images/bgputih.jpg
  artifactKey: Guid(f163e487458c4ea44a43cd5205577ddc) Importer(815301076,1909f56bfc062723c751e8b465ee728b)
Start importing Assets/Images/bgputih.jpg using Guid(f163e487458c4ea44a43cd5205577ddc) Importer(815301076,1909f56bfc062723c751e8b465ee728b)  -> (artifact id: '299822d9f7d9427a52ee4876b06d8b2d') in 0.179220 seconds 
  Import took 0.274249 seconds .

========================================================================
Received Import Request.
  Time since last request: 0.322943 seconds.
  path: Assets/Images/bgputih.jpg
  artifactKey: Guid(f163e487458c4ea44a43cd5205577ddc) Importer(815301076,1909f56bfc062723c751e8b465ee728b)
Start importing Assets/Images/bgputih.jpg using Guid(f163e487458c4ea44a43cd5205577ddc) Importer(815301076,1909f56bfc062723c751e8b465ee728b)  -> (artifact id: '299822d9f7d9427a52ee4876b06d8b2d') in 0.126160 seconds 
  Import took 0.138956 seconds .

========================================================================
Received Import Request.
  Time since last request: 25.825957 seconds.
  path: Assets/Images/kisspng-symbol-arrow-computer-icons-arrow-keyboard-5b3fe1ee988c11.3673951015309132626249.png
  artifactKey: Guid(df2bd9cb91ab8994395fc4de57d5dc64) Importer(815301076,1909f56bfc062723c751e8b465ee728b)
Start importing Assets/Images/kisspng-symbol-arrow-computer-icons-arrow-keyboard-5b3fe1ee988c11.3673951015309132626249.png using Guid(df2bd9cb91ab8994395fc4de57d5dc64) Importer(815301076,1909f56bfc062723c751e8b465ee728b)  -> (artifact id: 'a5a712e1f5606daf54733c8bb496a852') in 0.303021 seconds 
  Import took 0.376190 seconds .

========================================================================
Received Import Request.
  Time since last request: 85.347669 seconds.
  path: Assets/Scenes/About.unity
  artifactKey: Guid(1ec7ac6a443ef614fae85558cc688616) Importer(815301076,1909f56bfc062723c751e8b465ee728b)
Start importing Assets/Scenes/About.unity using Guid(1ec7ac6a443ef614fae85558cc688616) Importer(815301076,1909f56bfc062723c751e8b465ee728b)  -> (artifact id: '6bebca5e30a210103edb1b25f1353236') in 0.116343 seconds 
  Import took 0.190539 seconds .

========================================================================
Received Import Request.
  Time since last request: 11.133295 seconds.
  path: Assets/Scenes/Help.unity
  artifactKey: Guid(53c0c35f15ea4f841ab30ff48aaa2277) Importer(815301076,1909f56bfc062723c751e8b465ee728b)
Start importing Assets/Scenes/Help.unity using Guid(53c0c35f15ea4f841ab30ff48aaa2277) Importer(815301076,1909f56bfc062723c751e8b465ee728b)  -> (artifact id: 'd261f03c4e5694d003e77fad0df2fe0f') in 0.033387 seconds 
  Import took 0.137145 seconds .

========================================================================
Received Import Request.
  Time since last request: 1.492485 seconds.
  path: Assets/Scenes/Menu.unity
  artifactKey: Guid(f6d0f10a2417d7a4fb9322fe6fc8436e) Importer(815301076,1909f56bfc062723c751e8b465ee728b)
Start importing Assets/Scenes/Menu.unity using Guid(f6d0f10a2417d7a4fb9322fe6fc8436e) Importer(815301076,1909f56bfc062723c751e8b465ee728b)  -> (artifact id: '9c120ce2a0282fe0b22b64fe0c18218b') in 0.078944 seconds 
  Import took 0.179774 seconds .

========================================================================
Received Import Request.
  Time since last request: 0.979852 seconds.
  path: Assets/Scenes/Play Again.unity
  artifactKey: Guid(6ac6c89060cadad4dae9ab51496b3234) Importer(815301076,1909f56bfc062723c751e8b465ee728b)
Start importing Assets/Scenes/Play Again.unity using Guid(6ac6c89060cadad4dae9ab51496b3234) Importer(815301076,1909f56bfc062723c751e8b465ee728b)  -> (artifact id: '5e24a39a4d14f185bd5e78c94d6c3cc4') in 0.138521 seconds 
  Import took 0.188610 seconds .

========================================================================
Received Import Request.
  Time since last request: 1.403753 seconds.
  path: Assets/Scenes/Play.unity
  artifactKey: Guid(205cfcae37189904c903e1acb37ff715) Importer(815301076,1909f56bfc062723c751e8b465ee728b)
Start importing Assets/Scenes/Play.unity using Guid(205cfcae37189904c903e1acb37ff715) Importer(815301076,1909f56bfc062723c751e8b465ee728b)  -> (artifact id: 'abca974ee84829e82e6885a1bdfe0296') in 0.210037 seconds 
  Import took 0.254794 seconds .

========================================================================
Received Import Request.
  Time since last request: 303.262043 seconds.
  path: Assets/Images/bghijau.jpg
  artifactKey: Guid(e91b089948314bf4c813d6b44f66490b) Importer(815301076,1909f56bfc062723c751e8b465ee728b)
Start importing Assets/Images/bghijau.jpg using Guid(e91b089948314bf4c813d6b44f66490b) Importer(815301076,1909f56bfc062723c751e8b465ee728b)  -> (artifact id: '7c7059692663de7513864d5d55dcfd3d') in 1.360226 seconds 
  Import took 1.419708 seconds .

